<?xml version="1.0" encoding="UTF-8"?>
<testng-results skipped="0" failed="0" ignored="0" total="2" passed="2">
  <reporter-output>
  </reporter-output>
  <suite name="Suite" duration-ms="10703" started-at="2018-08-18T04:26:46Z" finished-at="2018-08-18T04:26:56Z">
    <groups>
    </groups>
    <test name="Test" duration-ms="10703" started-at="2018-08-18T04:26:46Z" finished-at="2018-08-18T04:26:56Z">
      <class name="com.bluesky.test.smoke.TestLoginS187654">
        <test-method status="PASS" signature="preCOndition()[pri:0, instance:com.bluesky.test.smoke.TestLoginS187654@dc24521]" name="preCOndition" is-config="true" duration-ms="3505" started-at="2018-08-18T09:56:52Z" finished-at="2018-08-18T09:56:56Z">
          <reporter-output>
          </reporter-output>
        </test-method> <!-- preCOndition -->
        <test-method status="PASS" signature="testLoginInvalidTC197543()[pri:0, instance:com.bluesky.test.smoke.TestLoginS187654@dc24521]" name="testLoginInvalidTC197543" duration-ms="635" started-at="2018-08-18T09:56:56Z" finished-at="2018-08-18T09:56:56Z">
          <reporter-output>
          </reporter-output>
        </test-method> <!-- testLoginInvalidTC197543 -->
        <test-method status="PASS" signature="postCondition()[pri:0, instance:com.bluesky.test.smoke.TestLoginS187654@dc24521]" name="postCondition" is-config="true" duration-ms="88" started-at="2018-08-18T09:56:56Z" finished-at="2018-08-18T09:56:56Z">
          <reporter-output>
          </reporter-output>
        </test-method> <!-- postCondition -->
      </class> <!-- com.bluesky.test.smoke.TestLoginS187654 -->
      <class name="com.bluesky.test.smoke.SimpleUnitTest">
        <test-method status="PASS" signature="preCondition()[pri:0, instance:com.bluesky.test.smoke.SimpleUnitTest@148080bb]" name="preCondition" is-config="true" duration-ms="5649" started-at="2018-08-18T09:56:46Z" finished-at="2018-08-18T09:56:51Z">
          <reporter-output>
          </reporter-output>
        </test-method> <!-- preCondition -->
        <test-method status="PASS" signature="testApp()[pri:0, instance:com.bluesky.test.smoke.SimpleUnitTest@148080bb]" name="testApp" duration-ms="645" started-at="2018-08-18T09:56:51Z" finished-at="2018-08-18T09:56:52Z">
          <reporter-output>
          </reporter-output>
        </test-method> <!-- testApp -->
        <test-method status="PASS" signature="postCondition()[pri:0, instance:com.bluesky.test.smoke.SimpleUnitTest@148080bb]" name="postCondition" is-config="true" duration-ms="155" started-at="2018-08-18T09:56:52Z" finished-at="2018-08-18T09:56:52Z">
          <reporter-output>
          </reporter-output>
        </test-method> <!-- postCondition -->
      </class> <!-- com.bluesky.test.smoke.SimpleUnitTest -->
    </test> <!-- Test -->
  </suite> <!-- Suite -->
</testng-results>
