<?xml version="1.0" encoding="UTF-8"?>
<testng-results skipped="0" failed="0" ignored="0" total="1" passed="1">
  <reporter-output>
  </reporter-output>
  <suite name="Default suite" duration-ms="7534" started-at="2018-08-11T05:44:21Z" finished-at="2018-08-11T05:44:28Z">
    <groups>
    </groups>
    <test name="Default test" duration-ms="7534" started-at="2018-08-11T05:44:21Z" finished-at="2018-08-11T05:44:28Z">
      <class name="com.bluesky.test.smoke.SimpleUnitTest">
        <test-method status="PASS" signature="preCondition()[pri:0, instance:com.bluesky.test.smoke.SimpleUnitTest@68c4039c]" name="preCondition" is-config="true" duration-ms="6799" started-at="2018-08-11T11:14:21Z" finished-at="2018-08-11T11:14:28Z">
          <reporter-output>
          </reporter-output>
        </test-method> <!-- preCondition -->
        <test-method status="PASS" signature="testApp()[pri:0, instance:com.bluesky.test.smoke.SimpleUnitTest@68c4039c]" name="testApp" duration-ms="486" started-at="2018-08-11T11:14:28Z" finished-at="2018-08-11T11:14:28Z">
          <reporter-output>
          </reporter-output>
        </test-method> <!-- testApp -->
        <test-method status="PASS" signature="postCondition()[pri:0, instance:com.bluesky.test.smoke.SimpleUnitTest@68c4039c]" name="postCondition" is-config="true" duration-ms="231" started-at="2018-08-11T11:14:28Z" finished-at="2018-08-11T11:14:28Z">
          <reporter-output>
          </reporter-output>
        </test-method> <!-- postCondition -->
      </class> <!-- com.bluesky.test.smoke.SimpleUnitTest -->
    </test> <!-- Default test -->
  </suite> <!-- Default suite -->
</testng-results>
